<?xml version="1.0" encoding="UTF-8"?>
<!-- Generated by org.testng.reporters.JUnitXMLReporter -->
<testsuite hostname="ManojSitu" ignored="0" name="Default test" tests="3" failures="0" timestamp="11 Jun 2019 11:17:35 GMT" time="0.185" errors="0">
  <testcase name="f" time="0.041" classname="TestExecution.ParallelTesting2"/>
  <testcase name="f1" time="0.008" classname="TestExecution.ParallelTesting2"/>
  <testcase name="f2" time="0.008" classname="TestExecution.ParallelTesting2"/>
</testsuite> <!-- Default test -->
